# JRE version: Java(TM) SE Runtime Environment (8.0_72-b15) (build 1.8.0_72-b15)
# Java VM: Java HotSpot(TM) 64-Bit Server VM (25.72-b15 mixed mode bsd-amd64 compressed oops)
Heap:
 PSYoungGen      total 239104K, used 116897K [0x0000000795580000, 0x00000007b7180000, 0x00000007c0000000)
  eden space 205824K, 40% used [0x0000000795580000,0x000000079a761e28,0x00000007a1e80000)
  from space 33280K, 99% used [0x00000007a2480000,0x00000007a44c66a8,0x00000007a4500000)
  to   space 173568K, 0% used [0x00000007ac800000,0x00000007ac800000,0x00000007b7180000)
 ParOldGen       total 635904K, used 435719K [0x0000000740000000, 0x0000000766d00000, 0x0000000795580000)
  object space 635904K, 68% used [0x0000000740000000,0x000000075a981d30,0x0000000766d00000)
 Metaspace       used 33239K, capacity 35812K, committed 36016K, reserved 1079296K
  class space    used 4715K, capacity 5189K, committed 5296K, reserved 1048576K
GC Heap History (10 events):
Event: 278.162 GC heap before
{Heap before GC invocations=38 (full 5):
 PSYoungGen      total 395264K, used 269554K [0x0000000795580000, 0x00000007bbc80000, 0x00000007c0000000)
  eden space 238592K, 100% used [0x0000000795580000,0x00000007a3e80000,0x00000007a3e80000)
  from space 156672K, 19% used [0x00000007b2380000,0x00000007b41bcba0,0x00000007bbc80000)
  to   space 195584K, 0% used [0x00000007a3e80000,0x00000007a3e80000,0x00000007afd80000)
 ParOldGen       total 635904K, used 435679K [0x0000000740000000, 0x0000000766d00000, 0x0000000795580000)
  object space 635904K, 68% used [0x0000000740000000,0x000000075a977d30,0x0000000766d00000)
 Metaspace       used 33041K, capacity 35632K, committed 35760K, reserved 1079296K
  class space    used 4713K, capacity 5189K, committed 5296K, reserved 1048576K
Event: 278.173 GC heap after
Heap after GC invocations=38 (full 5):
 PSYoungGen      total 264192K, used 32713K [0x0000000795580000, 0x00000007bb080000, 0x00000007c0000000)
  eden space 231424K, 0% used [0x0000000795580000,0x0000000795580000,0x00000007a3780000)
  from space 32768K, 99% used [0x00000007a3e80000,0x00000007a5e726b8,0x00000007a5e80000)
  to   space 193024K, 0% used [0x00000007af400000,0x00000007af400000,0x00000007bb080000)
 ParOldGen       total 635904K, used 435687K [0x0000000740000000, 0x0000000766d00000, 0x0000000795580000)
  object space 635904K, 68% used [0x0000000740000000,0x000000075a979d30,0x0000000766d00000)
 Metaspace       used 33041K, capacity 35632K, committed 35760K, reserved 1079296K
  class space    used 4713K, capacity 5189K, committed 5296K, reserved 1048576K
}
Event: 311.694 GC heap before
{Heap before GC invocations=39 (full 5):
 PSYoungGen      total 264192K, used 264137K [0x0000000795580000, 0x00000007bb080000, 0x00000007c0000000)
  eden space 231424K, 100% used [0x0000000795580000,0x00000007a3780000,0x00000007a3780000)
  from space 32768K, 99% used [0x00000007a3e80000,0x00000007a5e726b8,0x00000007a5e80000)
  to   space 193024K, 0% used [0x00000007af400000,0x00000007af400000,0x00000007bb080000)
 ParOldGen       total 635904K, used 435687K [0x0000000740000000, 0x0000000766d00000, 0x0000000795580000)
  object space 635904K, 68% used [0x0000000740000000,0x000000075a979d30,0x0000000766d00000)
 Metaspace       used 33089K, capacity 35696K, committed 36016K, reserved 1079296K
  class space    used 4713K, capacity 5189K, committed 5296K, reserved 1048576K
Event: 311.707 GC heap after
Heap after GC invocations=39 (full 5):
 PSYoungGen      total 403968K, used 32777K [0x0000000795580000, 0x00000007ba300000, 0x00000007c0000000)
  eden space 224768K, 0% used [0x0000000795580000,0x0000000795580000,0x00000007a3100000)
  from space 179200K, 18% used [0x00000007af400000,0x00000007b14026b8,0x00000007ba300000)
  to   space 189440K, 0% used [0x00000007a3100000,0x00000007a3100000,0x00000007aea00000)
 ParOldGen       total 635904K, used 435695K [0x0000000740000000, 0x0000000766d00000, 0x0000000795580000)
  object space 635904K, 68% used [0x0000000740000000,0x000000075a97bd30,0x0000000766d00000)
 Metaspace       used 33089K, capacity 35696K, committed 36016K, reserved 1079296K
  class space    used 4713K, capacity 5189K, committed 5296K, reserved 1048576K
}
Event: 340.082 GC heap before
{Heap before GC invocations=40 (full 5):
 PSYoungGen      total 403968K, used 257545K [0x0000000795580000, 0x00000007ba300000, 0x00000007c0000000)
  eden space 224768K, 100% used [0x0000000795580000,0x00000007a3100000,0x00000007a3100000)
  from space 179200K, 18% used [0x00000007af400000,0x00000007b14026b8,0x00000007ba300000)
  to   space 189440K, 0% used [0x00000007a3100000,0x00000007a3100000,0x00000007aea00000)
 ParOldGen       total 635904K, used 435695K [0x0000000740000000, 0x0000000766d00000, 0x0000000795580000)
  object space 635904K, 68% used [0x0000000740000000,0x000000075a97bd30,0x0000000766d00000)
 Metaspace       used 33184K, capacity 35808K, committed 36016K, reserved 1079296K
  class space    used 4715K, capacity 5189K, committed 5296K, reserved 1048576K
Event: 340.093 GC heap after
Heap after GC invocations=40 (full 5):
 PSYoungGen      total 251392K, used 32912K [0x0000000795580000, 0x00000007b9380000, 0x00000007c0000000)
  eden space 218112K, 0% used [0x0000000795580000,0x0000000795580000,0x00000007a2a80000)
  from space 33280K, 98% used [0x00000007a3100000,0x00000007a51240b8,0x00000007a5180000)
  to   space 184832K, 0% used [0x00000007adf00000,0x00000007adf00000,0x00000007b9380000)
 ParOldGen       total 635904K, used 435703K [0x0000000740000000, 0x0000000766d00000, 0x0000000795580000)
  object space 635904K, 68% used [0x0000000740000000,0x000000075a97dd30,0x0000000766d00000)
 Metaspace       used 33184K, capacity 35808K, committed 36016K, reserved 1079296K
  class space    used 4715K, capacity 5189K, committed 5296K, reserved 1048576K
}
Event: 370.098 GC heap before
{Heap before GC invocations=41 (full 5):
 PSYoungGen      total 251392K, used 251009K [0x0000000795580000, 0x00000007b9380000, 0x00000007c0000000)
  eden space 218112K, 99% used [0x0000000795580000,0x00000007a2a7c5f0,0x00000007a2a80000)
  from space 33280K, 98% used [0x00000007a3100000,0x00000007a51240b8,0x00000007a5180000)
  to   space 184832K, 0% used [0x00000007adf00000,0x00000007adf00000,0x00000007b9380000)
 ParOldGen       total 635904K, used 435703K [0x0000000740000000, 0x0000000766d00000, 0x0000000795580000)
  object space 635904K, 68% used [0x0000000740000000,0x000000075a97dd30,0x0000000766d00000)
 Metaspace       used 33216K, capacity 35812K, committed 36016K, reserved 1079296K
  class space    used 4715K, capacity 5189K, committed 5296K, reserved 1048576K
Event: 370.110 GC heap after
Heap after GC invocations=41 (full 5):
 PSYoungGen      total 379392K, used 32985K [0x0000000795580000, 0x00000007b8280000, 0x00000007c0000000)
  eden space 211968K, 0% used [0x0000000795580000,0x0000000795580000,0x00000007a2480000)
  from space 167424K, 19% used [0x00000007adf00000,0x00000007aff366a8,0x00000007b8280000)
  to   space 179200K, 0% used [0x00000007a2480000,0x00000007a2480000,0x00000007ad380000)
 ParOldGen       total 635904K, used 435711K [0x0000000740000000, 0x0000000766d00000, 0x0000000795580000)
  object space 635904K, 68% used [0x0000000740000000,0x000000075a97fd30,0x0000000766d00000)
 Metaspace       used 33216K, capacity 35812K, committed 36016K, reserved 1079296K
  class space    used 4715K, capacity 5189K, committed 5296K, reserved 1048576K
}
Event: 399.364 GC heap before
{Heap before GC invocations=42 (full 5):
 PSYoungGen      total 379392K, used 244953K [0x0000000795580000, 0x00000007b8280000, 0x00000007c0000000)
  eden space 211968K, 100% used [0x0000000795580000,0x00000007a2480000,0x00000007a2480000)
  from space 167424K, 19% used [0x00000007adf00000,0x00000007aff366a8,0x00000007b8280000)
  to   space 179200K, 0% used [0x00000007a2480000,0x00000007a2480000,0x00000007ad380000)
 ParOldGen       total 635904K, used 435711K [0x0000000740000000, 0x0000000766d00000, 0x0000000795580000)
  object space 635904K, 68% used [0x0000000740000000,0x000000075a97fd30,0x0000000766d00000)
 Metaspace       used 33226K, capacity 35812K, committed 36016K, reserved 1079296K
  class space    used 4715K, capacity 5189K, committed 5296K, reserved 1048576K
Event: 399.375 GC heap after
Heap after GC invocations=42 (full 5):
 PSYoungGen      total 239104K, used 33049K [0x0000000795580000, 0x00000007b7180000, 0x00000007c0000000)
  eden space 205824K, 0% used [0x0000000795580000,0x0000000795580000,0x00000007a1e80000)
  from space 33280K, 99% used [0x00000007a2480000,0x00000007a44c66a8,0x00000007a4500000)
  to   space 173568K, 0% used [0x00000007ac800000,0x00000007ac800000,0x00000007b7180000)
 ParOldGen       total 635904K, used 435719K [0x0000000740000000, 0x0000000766d00000, 0x0000000795580000)
  object space 635904K, 68% used [0x0000000740000000,0x000000075a981d30,0x0000000766d00000)
 Metaspace       used 33226K, capacity 35812K, committed 36016K, reserved 1079296K
  class space    used 4715K, capacity 5189K, committed 5296K, reserved 1048576K
}

