# JRE version: Java(TM) SE Runtime Environment (8.0_72-b15) (build 1.8.0_72-b15)
# Java VM: Java HotSpot(TM) 64-Bit Server VM (25.72-b15 mixed mode bsd-amd64 compressed oops)
Heap:
 PSYoungGen      total 224256K, used 136119K [0x0000000795580000, 0x00000007aa400000, 0x00000007c0000000)
  eden space 222720K, 60% used [0x0000000795580000,0x000000079d8fdb60,0x00000007a2f00000)
  from space 1536K, 95% used [0x00000007a3780000,0x00000007a38f02d8,0x00000007a3900000)
  to   space 59904K, 0% used [0x00000007a6980000,0x00000007a6980000,0x00000007aa400000)
 ParOldGen       total 346624K, used 272201K [0x0000000740000000, 0x0000000755280000, 0x0000000795580000)
  object space 346624K, 78% used [0x0000000740000000,0x00000007509d25d8,0x0000000755280000)
 Metaspace       used 32255K, capacity 34784K, committed 34816K, reserved 1079296K
  class space    used 4624K, capacity 5089K, committed 5120K, reserved 1048576K
GC Heap History (10 events):
Event: 275.393 GC heap before
{Heap before GC invocations=30 (full 5):
 PSYoungGen      total 322048K, used 265074K [0x0000000795580000, 0x00000007ad700000, 0x00000007c0000000)
  eden space 260608K, 100% used [0x0000000795580000,0x00000007a5400000,0x00000007a5400000)
  from space 61440K, 7% used [0x00000007a9b00000,0x00000007a9f5c820,0x00000007ad700000)
  to   space 67072K, 0% used [0x00000007a5400000,0x00000007a5400000,0x00000007a9580000)
 ParOldGen       total 346624K, used 271977K [0x0000000740000000, 0x0000000755280000, 0x0000000795580000)
  object space 346624K, 78% used [0x0000000740000000,0x000000075099a5d8,0x0000000755280000)
 Metaspace       used 32091K, capacity 34544K, committed 34816K, reserved 1079296K
  class space    used 4624K, capacity 5089K, committed 5120K, reserved 1048576K
Event: 275.398 GC heap after
Heap after GC invocations=30 (full 5):
 PSYoungGen      total 327680K, used 570K [0x0000000795580000, 0x00000007af680000, 0x00000007c0000000)
  eden space 260608K, 0% used [0x0000000795580000,0x0000000795580000,0x00000007a5400000)
  from space 67072K, 0% used [0x00000007a5400000,0x00000007a548e9f0,0x00000007a9580000)
  to   space 67072K, 0% used [0x00000007ab500000,0x00000007ab500000,0x00000007af680000)
 ParOldGen       total 346624K, used 272177K [0x0000000740000000, 0x0000000755280000, 0x0000000795580000)
  object space 346624K, 78% used [0x0000000740000000,0x00000007509cc5d8,0x0000000755280000)
 Metaspace       used 32091K, capacity 34544K, committed 34816K, reserved 1079296K
  class space    used 4624K, capacity 5089K, committed 5120K, reserved 1048576K
}
Event: 322.115 GC heap before
{Heap before GC invocations=31 (full 5):
 PSYoungGen      total 327680K, used 259438K [0x0000000795580000, 0x00000007af680000, 0x00000007c0000000)
  eden space 260608K, 99% used [0x0000000795580000,0x00000007a524d000,0x00000007a5400000)
  from space 67072K, 0% used [0x00000007a5400000,0x00000007a548e9f0,0x00000007a9580000)
  to   space 67072K, 0% used [0x00000007ab500000,0x00000007ab500000,0x00000007af680000)
 ParOldGen       total 346624K, used 272177K [0x0000000740000000, 0x0000000755280000, 0x0000000795580000)
  object space 346624K, 78% used [0x0000000740000000,0x00000007509cc5d8,0x0000000755280000)
 Metaspace       used 32175K, capacity 34708K, committed 34816K, reserved 1079296K
  class space    used 4624K, capacity 5089K, committed 5120K, reserved 1048576K
Event: 322.126 GC heap after
Heap after GC invocations=31 (full 5):
 PSYoungGen      total 269824K, used 11853K [0x0000000795580000, 0x00000007ac800000, 0x00000007c0000000)
  eden space 250368K, 0% used [0x0000000795580000,0x0000000795580000,0x00000007a4a00000)
  from space 19456K, 60% used [0x00000007ab500000,0x00000007ac093460,0x00000007ac800000)
  to   space 64512K, 0% used [0x00000007a4a00000,0x00000007a4a00000,0x00000007a8900000)
 ParOldGen       total 346624K, used 272185K [0x0000000740000000, 0x0000000755280000, 0x0000000795580000)
  object space 346624K, 78% used [0x0000000740000000,0x00000007509ce5d8,0x0000000755280000)
 Metaspace       used 32175K, capacity 34708K, committed 34816K, reserved 1079296K
  class space    used 4624K, capacity 5089K, committed 5120K, reserved 1048576K
}
Event: 366.286 GC heap before
{Heap before GC invocations=32 (full 5):
 PSYoungGen      total 269824K, used 262221K [0x0000000795580000, 0x00000007ac800000, 0x00000007c0000000)
  eden space 250368K, 100% used [0x0000000795580000,0x00000007a4a00000,0x00000007a4a00000)
  from space 19456K, 60% used [0x00000007ab500000,0x00000007ac093460,0x00000007ac800000)
  to   space 64512K, 0% used [0x00000007a4a00000,0x00000007a4a00000,0x00000007a8900000)
 ParOldGen       total 346624K, used 272185K [0x0000000740000000, 0x0000000755280000, 0x0000000795580000)
  object space 346624K, 78% used [0x0000000740000000,0x00000007509ce5d8,0x0000000755280000)
 Metaspace       used 32196K, capacity 34716K, committed 34816K, reserved 1079296K
  class space    used 4624K, capacity 5089K, committed 5120K, reserved 1048576K
Event: 366.290 GC heap after
Heap after GC invocations=32 (full 5):
 PSYoungGen      total 242176K, used 1091K [0x0000000795580000, 0x00000007abc80000, 0x00000007c0000000)
  eden space 240640K, 0% used [0x0000000795580000,0x0000000795580000,0x00000007a4080000)
  from space 1536K, 71% used [0x00000007a4a00000,0x00000007a4b10cc8,0x00000007a4b80000)
  to   space 63488K, 0% used [0x00000007a7e80000,0x00000007a7e80000,0x00000007abc80000)
 ParOldGen       total 346624K, used 272193K [0x0000000740000000, 0x0000000755280000, 0x0000000795580000)
  object space 346624K, 78% used [0x0000000740000000,0x00000007509d05d8,0x0000000755280000)
 Metaspace       used 32196K, capacity 34716K, committed 34816K, reserved 1079296K
  class space    used 4624K, capacity 5089K, committed 5120K, reserved 1048576K
}
Event: 403.206 GC heap before
{Heap before GC invocations=33 (full 5):
 PSYoungGen      total 242176K, used 241731K [0x0000000795580000, 0x00000007abc80000, 0x00000007c0000000)
  eden space 240640K, 100% used [0x0000000795580000,0x00000007a4080000,0x00000007a4080000)
  from space 1536K, 71% used [0x00000007a4a00000,0x00000007a4b10cc8,0x00000007a4b80000)
  to   space 63488K, 0% used [0x00000007a7e80000,0x00000007a7e80000,0x00000007abc80000)
 ParOldGen       total 346624K, used 272193K [0x0000000740000000, 0x0000000755280000, 0x0000000795580000)
  object space 346624K, 78% used [0x0000000740000000,0x00000007509d05d8,0x0000000755280000)
 Metaspace       used 32212K, capacity 34716K, committed 34816K, reserved 1079296K
  class space    used 4624K, capacity 5089K, committed 5120K, reserved 1048576K
Event: 403.214 GC heap after
Heap after GC invocations=33 (full 5):
 PSYoungGen      total 281600K, used 5106K [0x0000000795580000, 0x00000007aaf80000, 0x00000007c0000000)
  eden space 231424K, 0% used [0x0000000795580000,0x0000000795580000,0x00000007a3780000)
  from space 50176K, 10% used [0x00000007a7e80000,0x00000007a837c820,0x00000007aaf80000)
  to   space 61440K, 0% used [0x00000007a3780000,0x00000007a3780000,0x00000007a7380000)
 ParOldGen       total 346624K, used 272193K [0x0000000740000000, 0x0000000755280000, 0x0000000795580000)
  object space 346624K, 78% used [0x0000000740000000,0x00000007509d05d8,0x0000000755280000)
 Metaspace       used 32212K, capacity 34716K, committed 34816K, reserved 1079296K
  class space    used 4624K, capacity 5089K, committed 5120K, reserved 1048576K
}
Event: 450.161 GC heap before
{Heap before GC invocations=34 (full 5):
 PSYoungGen      total 281600K, used 236530K [0x0000000795580000, 0x00000007aaf80000, 0x00000007c0000000)
  eden space 231424K, 100% used [0x0000000795580000,0x00000007a3780000,0x00000007a3780000)
  from space 50176K, 10% used [0x00000007a7e80000,0x00000007a837c820,0x00000007aaf80000)
  to   space 61440K, 0% used [0x00000007a3780000,0x00000007a3780000,0x00000007a7380000)
 ParOldGen       total 346624K, used 272193K [0x0000000740000000, 0x0000000755280000, 0x0000000795580000)
  object space 346624K, 78% used [0x0000000740000000,0x00000007509d05d8,0x0000000755280000)
 Metaspace       used 32236K, capacity 34784K, committed 34816K, reserved 1079296K
  class space    used 4624K, capacity 5089K, committed 5120K, reserved 1048576K
Event: 450.185 GC heap after
Heap after GC invocations=34 (full 5):
 PSYoungGen      total 224256K, used 1472K [0x0000000795580000, 0x00000007aa400000, 0x00000007c0000000)
  eden space 222720K, 0% used [0x0000000795580000,0x0000000795580000,0x00000007a2f00000)
  from space 1536K, 95% used [0x00000007a3780000,0x00000007a38f02d8,0x00000007a3900000)
  to   space 59904K, 0% used [0x00000007a6980000,0x00000007a6980000,0x00000007aa400000)
 ParOldGen       total 346624K, used 272201K [0x0000000740000000, 0x0000000755280000, 0x0000000795580000)
  object space 346624K, 78% used [0x0000000740000000,0x00000007509d25d8,0x0000000755280000)
 Metaspace       used 32236K, capacity 34784K, committed 34816K, reserved 1079296K
  class space    used 4624K, capacity 5089K, committed 5120K, reserved 1048576K
}

