# JRE version: Java(TM) SE Runtime Environment (8.0_72-b15) (build 1.8.0_72-b15)
# Java VM: Java HotSpot(TM) 64-Bit Server VM (25.72-b15 mixed mode bsd-amd64 compressed oops)
Heap:
 PSYoungGen      total 86016K, used 32377K [0x0000000795580000, 0x000000079e300000, 0x00000007c0000000)
  eden space 68608K, 21% used [0x0000000795580000,0x0000000796425960,0x0000000799880000)
  from space 17408K, 99% used [0x0000000799880000,0x000000079a978d60,0x000000079a980000)
  to   space 30720K, 0% used [0x000000079c500000,0x000000079c500000,0x000000079e300000)
 ParOldGen       total 93184K, used 48124K [0x0000000740000000, 0x0000000745b00000, 0x0000000795580000)
  object space 93184K, 51% used [0x0000000740000000,0x0000000742eff1c8,0x0000000745b00000)
 Metaspace       used 32051K, capacity 34434K, committed 34688K, reserved 1079296K
  class space    used 4657K, capacity 5136K, committed 5248K, reserved 1048576K
GC Heap History (10 events):
Event: 16.971 GC heap before
{Heap before GC invocations=7 (full 2):
 PSYoungGen      total 38400K, used 5110K [0x0000000795580000, 0x000000079aa00000, 0x00000007c0000000)
  eden space 33280K, 0% used [0x0000000795580000,0x0000000795580000,0x0000000797600000)
  from space 5120K, 99% used [0x0000000797600000,0x0000000797afd970,0x0000000797b00000)
  to   space 14848K, 0% used [0x0000000799b80000,0x0000000799b80000,0x000000079aa00000)
 ParOldGen       total 51200K, used 36658K [0x0000000740000000, 0x0000000743200000, 0x0000000795580000)
  object space 51200K, 71% used [0x0000000740000000,0x00000007423cca28,0x0000000743200000)
 Metaspace       used 24098K, capacity 25972K, committed 26112K, reserved 1071104K
  class space    used 3615K, capacity 3999K, committed 4096K, reserved 1048576K
Event: 17.014 GC heap after
Heap after GC invocations=7 (full 2):
 PSYoungGen      total 38400K, used 0K [0x0000000795580000, 0x000000079aa00000, 0x00000007c0000000)
  eden space 33280K, 0% used [0x0000000795580000,0x0000000795580000,0x0000000797600000)
  from space 5120K, 0% used [0x0000000797600000,0x0000000797600000,0x0000000797b00000)
  to   space 14848K, 0% used [0x0000000799b80000,0x0000000799b80000,0x000000079aa00000)
 ParOldGen       total 93184K, used 21465K [0x0000000740000000, 0x0000000745b00000, 0x0000000795580000)
  object space 93184K, 23% used [0x0000000740000000,0x00000007414f67b8,0x0000000745b00000)
 Metaspace       used 24098K, capacity 25972K, committed 26112K, reserved 1071104K
  class space    used 3615K, capacity 3999K, committed 4096K, reserved 1048576K
}
Event: 17.571 GC heap before
{Heap before GC invocations=8 (full 2):
 PSYoungGen      total 38400K, used 31212K [0x0000000795580000, 0x000000079aa00000, 0x00000007c0000000)
  eden space 33280K, 93% used [0x0000000795580000,0x00000007973fb150,0x0000000797600000)
  from space 5120K, 0% used [0x0000000797600000,0x0000000797600000,0x0000000797b00000)
  to   space 14848K, 0% used [0x0000000799b80000,0x0000000799b80000,0x000000079aa00000)
 ParOldGen       total 93184K, used 21465K [0x0000000740000000, 0x0000000745b00000, 0x0000000795580000)
  object space 93184K, 23% used [0x0000000740000000,0x00000007414f67b8,0x0000000745b00000)
 Metaspace       used 24125K, capacity 26036K, committed 26368K, reserved 1071104K
  class space    used 3615K, capacity 3999K, committed 4096K, reserved 1048576K
Event: 17.577 GC heap after
Heap after GC invocations=8 (full 2):
 PSYoungGen      total 56832K, used 8925K [0x0000000795580000, 0x000000079a480000, 0x00000007c0000000)
  eden space 47616K, 0% used [0x0000000795580000,0x0000000795580000,0x0000000798400000)
  from space 9216K, 96% used [0x0000000799b80000,0x000000079a437560,0x000000079a480000)
  to   space 14336K, 0% used [0x0000000798880000,0x0000000798880000,0x0000000799680000)
 ParOldGen       total 93184K, used 21473K [0x0000000740000000, 0x0000000745b00000, 0x0000000795580000)
  object space 93184K, 23% used [0x0000000740000000,0x00000007414f87b8,0x0000000745b00000)
 Metaspace       used 24125K, capacity 26036K, committed 26368K, reserved 1071104K
  class space    used 3615K, capacity 3999K, committed 4096K, reserved 1048576K
}
Event: 18.217 GC heap before
{Heap before GC invocations=9 (full 2):
 PSYoungGen      total 56832K, used 56541K [0x0000000795580000, 0x000000079a480000, 0x00000007c0000000)
  eden space 47616K, 100% used [0x0000000795580000,0x0000000798400000,0x0000000798400000)
  from space 9216K, 96% used [0x0000000799b80000,0x000000079a437560,0x000000079a480000)
  to   space 14336K, 0% used [0x0000000798880000,0x0000000798880000,0x0000000799680000)
 ParOldGen       total 93184K, used 21473K [0x0000000740000000, 0x0000000745b00000, 0x0000000795580000)
  object space 93184K, 23% used [0x0000000740000000,0x00000007414f87b8,0x0000000745b00000)
 Metaspace       used 24756K, capacity 26876K, committed 27008K, reserved 1073152K
  class space    used 3757K, capacity 4201K, committed 4224K, reserved 1048576K
Event: 18.227 GC heap after
Heap after GC invocations=9 (full 2):
 PSYoungGen      total 66560K, used 12140K [0x0000000795580000, 0x000000079b900000, 0x00000007c0000000)
  eden space 52224K, 0% used [0x0000000795580000,0x0000000795580000,0x0000000798880000)
  from space 14336K, 84% used [0x0000000798880000,0x000000079945b370,0x0000000799680000)
  to   space 15872K, 0% used [0x000000079a980000,0x000000079a980000,0x000000079b900000)
 ParOldGen       total 93184K, used 21481K [0x0000000740000000, 0x0000000745b00000, 0x0000000795580000)
  object space 93184K, 23% used [0x0000000740000000,0x00000007414fa7b8,0x0000000745b00000)
 Metaspace       used 24756K, capacity 26876K, committed 27008K, reserved 1073152K
  class space    used 3757K, capacity 4201K, committed 4224K, reserved 1048576K
}
Event: 43.281 GC heap before
{Heap before GC invocations=10 (full 2):
 PSYoungGen      total 66560K, used 64364K [0x0000000795580000, 0x000000079b900000, 0x00000007c0000000)
  eden space 52224K, 100% used [0x0000000795580000,0x0000000798880000,0x0000000798880000)
  from space 14336K, 84% used [0x0000000798880000,0x000000079945b370,0x0000000799680000)
  to   space 15872K, 0% used [0x000000079a980000,0x000000079a980000,0x000000079b900000)
 ParOldGen       total 93184K, used 21481K [0x0000000740000000, 0x0000000745b00000, 0x0000000795580000)
  object space 93184K, 23% used [0x0000000740000000,0x00000007414fa7b8,0x0000000745b00000)
 Metaspace       used 27689K, capacity 30076K, committed 30208K, reserved 1075200K
  class space    used 4022K, capacity 4511K, committed 4608K, reserved 1048576K
Event: 43.293 GC heap after
Heap after GC invocations=10 (full 2):
 PSYoungGen      total 84480K, used 13356K [0x0000000795580000, 0x000000079bf00000, 0x00000007c0000000)
  eden space 68608K, 0% used [0x0000000795580000,0x0000000795580000,0x0000000799880000)
  from space 15872K, 84% used [0x000000079a980000,0x000000079b68b380,0x000000079b900000)
  to   space 17408K, 0% used [0x0000000799880000,0x0000000799880000,0x000000079a980000)
 ParOldGen       total 93184K, used 21481K [0x0000000740000000, 0x0000000745b00000, 0x0000000795580000)
  object space 93184K, 23% used [0x0000000740000000,0x00000007414fa7b8,0x0000000745b00000)
 Metaspace       used 27689K, capacity 30076K, committed 30208K, reserved 1075200K
  class space    used 4022K, capacity 4511K, committed 4608K, reserved 1048576K
}
Event: 53.893 GC heap before
{Heap before GC invocations=11 (full 2):
 PSYoungGen      total 84480K, used 79020K [0x0000000795580000, 0x000000079bf00000, 0x00000007c0000000)
  eden space 68608K, 95% used [0x0000000795580000,0x000000079959fcf0,0x0000000799880000)
  from space 15872K, 84% used [0x000000079a980000,0x000000079b68b380,0x000000079b900000)
  to   space 17408K, 0% used [0x0000000799880000,0x0000000799880000,0x000000079a980000)
 ParOldGen       total 93184K, used 21481K [0x0000000740000000, 0x0000000745b00000, 0x0000000795580000)
  object space 93184K, 23% used [0x0000000740000000,0x00000007414fa7b8,0x0000000745b00000)
 Metaspace       used 32049K, capacity 34434K, committed 34688K, reserved 1079296K
  class space    used 4657K, capacity 5136K, committed 5248K, reserved 1048576K
Event: 53.914 GC heap after
Heap after GC invocations=11 (full 2):
 PSYoungGen      total 86016K, used 17379K [0x0000000795580000, 0x000000079e300000, 0x00000007c0000000)
  eden space 68608K, 0% used [0x0000000795580000,0x0000000795580000,0x0000000799880000)
  from space 17408K, 99% used [0x0000000799880000,0x000000079a978d60,0x000000079a980000)
  to   space 30720K, 0% used [0x000000079c500000,0x000000079c500000,0x000000079e300000)
 ParOldGen       total 93184K, used 48124K [0x0000000740000000, 0x0000000745b00000, 0x0000000795580000)
  object space 93184K, 51% used [0x0000000740000000,0x0000000742eff1c8,0x0000000745b00000)
 Metaspace       used 32049K, capacity 34434K, committed 34688K, reserved 1079296K
  class space    used 4657K, capacity 5136K, committed 5248K, reserved 1048576K
}

